<?xml version="1.0" encoding="UTF-8"?>
<!-- Generated by org.testng.reporters.JUnitReportReporter -->
<testsuite hostname="DESKTOP-FNU8D0F" failures="0" tests="4" name="com.qa.tests.DemoTest2" time="0.010" errors="0" timestamp="27 Dec 2021 07:26:05 GMT">
  <testcase classname="com.qa.tests.DemoTest2" name="div" time="0.003"/>
  <testcase classname="com.qa.tests.DemoTest2" name="mul" time="0.002"/>
  <testcase classname="com.qa.tests.DemoTest2" name="sum" time="0.002"/>
  <testcase classname="com.qa.tests.DemoTest2" name="sub" time="0.003"/>
</testsuite> <!-- com.qa.tests.DemoTest2 -->
