<?xml version="1.0" encoding="UTF-8"?>
<!-- Generated by org.testng.reporters.JUnitReportReporter -->
<testsuite hostname="DESKTOP-FNU8D0F" failures="0" tests="4" name="com.qa.tests.DemoTest2" time="0.001" errors="0" timestamp="27 Dec 2021 10:48:43 GMT">
  <testcase classname="com.qa.tests.DemoTest2" name="div" time="0.001"/>
  <testcase classname="com.qa.tests.DemoTest2" name="sub" time="0.000"/>
  <testcase classname="com.qa.tests.DemoTest2" name="mul" time="0.000"/>
  <testcase classname="com.qa.tests.DemoTest2" name="sum" time="0.000"/>
</testsuite> <!-- com.qa.tests.DemoTest2 -->
